<?xml version="1.0" encoding="UTF-8"?>
<!-- Generated by org.testng.reporters.JUnitReportReporter -->
<testsuite hostname="LAPTOP-N5N421G9" failures="0" tests="4" name="com.crm.qa.TestCases.HomeTestCases" time="29.862" errors="0" timestamp="19 Aug 2019 11:33:20 GMT" skipped="3">
  <testcase classname="com.crm.qa.TestCases.HomeTestCases" name="clickonNewcontact" time="29.862"/>
  <testcase classname="com.crm.qa.TestCases.HomeTestCases" name="contactsButtonTest">
    <skipped/>
  </testcase> <!-- contactsButtonTest -->
  <testcase classname="com.crm.qa.TestCases.HomeTestCases" name="clickHomebutton">
    <skipped/>
  </testcase> <!-- clickHomebutton -->
  <testcase classname="com.crm.qa.TestCases.HomeTestCases" name="homePageVerification">
    <skipped/>
  </testcase> <!-- homePageVerification -->
</testsuite> <!-- com.crm.qa.TestCases.HomeTestCases -->
