<?xml version="1.0" encoding="UTF-8"?>
<!-- Generated by org.testng.reporters.JUnitReportReporter -->
<testsuite hostname="LAPTOP-N5N421G9" failures="0" tests="2" name="com.crm.qa.TestCases.SignupTestCases" time="58.359" errors="0" timestamp="19 Aug 2019 11:33:20 GMT" skipped="0">
  <testcase classname="com.crm.qa.TestCases.SignupTestCases" name="Signupdetails" time="21.319"/>
  <testcase classname="com.crm.qa.TestCases.SignupTestCases" name="registerName" time="37.040"/>
</testsuite> <!-- com.crm.qa.TestCases.SignupTestCases -->
