<?xml version="1.0" encoding="UTF-8"?>
<!-- Generated by org.testng.reporters.JUnitReportReporter -->
<testsuite hostname="LAPTOP-N5N421G9" failures="0" tests="1" name="com.crm.qa.TestCases.LoginTestCases" time="61.804" errors="0" timestamp="19 Aug 2019 15:54:36 GMT" skipped="0">
  <testcase classname="com.crm.qa.TestCases.LoginTestCases" name="homepageLanding" time="61.804"/>
</testsuite> <!-- com.crm.qa.TestCases.LoginTestCases -->
