<?xml version="1.0" encoding="UTF-8"?>
<!-- Generated by org.testng.reporters.JUnitReportReporter -->
<testsuite hostname="LAPTOP-N5N421G9" failures="0" tests="3" name="HomeTestCases" time="77.041" errors="0" timestamp="15 Aug 2019 09:45:32 GMT" skipped="2">
  <testcase classname="HomeTestCases" name="clickHomebutton" time="77.041"/>
  <testcase classname="HomeTestCases" name="homePageVerification">
    <skipped/>
  </testcase> <!-- homePageVerification -->
  <testcase classname="HomeTestCases" name="contactsButtonTest">
    <skipped/>
  </testcase> <!-- contactsButtonTest -->
</testsuite> <!-- HomeTestCases -->
