<?xml version="1.0" encoding="UTF-8"?>
<!-- Generated by org.testng.reporters.JUnitReportReporter -->
<testsuite hostname="LAPTOP-N5N421G9" failures="0" tests="8" name="com.crm.qa.TestCases.ContactsTestCases" time="283.132" errors="0" timestamp="25 Aug 2019 04:08:14 GMT" skipped="1">
  <testcase classname="com.crm.qa.TestCases.ContactsTestCases" name="click" time="27.478"/>
  <testcase classname="com.crm.qa.TestCases.ContactsTestCases" name="TestDataExcel" time="38.451"/>
  <testcase classname="com.crm.qa.TestCases.ContactsTestCases" name="TestDataExcel" time="78.376"/>
  <testcase classname="com.crm.qa.TestCases.ContactsTestCases" name="TestDataExcel" time="29.660"/>
  <testcase classname="com.crm.qa.TestCases.ContactsTestCases" name="TestDataExcel" time="47.420"/>
  <testcase classname="com.crm.qa.TestCases.ContactsTestCases" name="TestDataExcel" time="33.833"/>
  <testcase classname="com.crm.qa.TestCases.ContactsTestCases" name="TestDataExcel" time="27.914"/>
  <testcase classname="com.crm.qa.TestCases.ContactsTestCases" name="contactspage">
    <skipped/>
  </testcase> <!-- contactspage -->
</testsuite> <!-- com.crm.qa.TestCases.ContactsTestCases -->
