<?xml version="1.0" encoding="UTF-8"?>
<!-- Generated by org.testng.reporters.JUnitReportReporter -->
<testsuite hostname="LAPTOP-N5N421G9" failures="0" tests="2" name="SignupTestCases" time="78.160" errors="0" timestamp="15 Aug 2019 04:41:08 GMT" skipped="0">
  <testcase classname="SignupTestCases" name="Signupdetails" time="39.758"/>
  <testcase classname="SignupTestCases" name="registerName" time="38.402"/>
</testsuite> <!-- SignupTestCases -->
