<?xml version="1.0" encoding="UTF-8"?>
<!-- Generated by org.testng.reporters.JUnitReportReporter -->
<testsuite hostname="LAPTOP-N5N421G9" failures="0" tests="1" name="LoginTestCases" time="44.797" errors="0" timestamp="15 Aug 2019 04:45:26 GMT" skipped="0">
  <testcase classname="LoginTestCases" name="homepageLanding" time="44.797"/>
</testsuite> <!-- LoginTestCases -->
